<?xml version="1.0" encoding="UTF-8"?>
<!-- Generated by org.testng.reporters.JUnitXMLReporter -->
<testsuite hostname="DHJT" ignored="4" tests="0" failures="0" timestamp="30 十月 2018 02:42:24 GMT" time="0.004" errors="0">
  <testcase name="infinity" time="0.0" classname="org.dhjt.JarTest.AppNgTest">
    <ignored/>
  </testcase> <!-- infinity -->
  <testcase name="testEmailGenerator" time="0.0" classname="org.dhjt.JarTest.AppNgTest">
    <ignored/>
  </testcase> <!-- testEmailGenerator -->
  <testcase name="divisionWithException" time="0.0" classname="org.dhjt.JarTest.AppNgTest">
    <ignored/>
  </testcase> <!-- divisionWithException -->
  <testcase name="divisionWithException1" time="0.0" classname="org.dhjt.JarTest.AppNgTest">
    <ignored/>
  </testcase> <!-- divisionWithException1 -->
</testsuite>
