<?xml version="1.0" encoding="UTF-8"?>
<testng-results skipped="0" failed="0" ignored="0" total="1" passed="1">
  <reporter-output>
  </reporter-output>
  <suite name="Default suite" duration-ms="15" started-at="2018-12-31T14:50:32Z" finished-at="2018-12-31T14:50:32Z">
    <groups>
    </groups>
    <test name="Default test" duration-ms="15" started-at="2018-12-31T14:50:32Z" finished-at="2018-12-31T14:50:32Z">
      <class name="com.dhjt.util.MD5UtilTest">
        <test-method status="PASS" signature="beforeMethod()[pri:0, instance:com.dhjt.util.MD5UtilTest@26be92ad]" name="beforeMethod" is-config="true" duration-ms="0" started-at="2018-12-31T14:50:32Z" finished-at="2018-12-31T14:50:32Z">
          <reporter-output>
          </reporter-output>
        </test-method> <!-- beforeMethod -->
        <test-method status="PASS" signature="testMD5()[pri:0, instance:com.dhjt.util.MD5UtilTest@26be92ad]" name="testMD5" duration-ms="0" started-at="2018-12-31T14:50:32Z" finished-at="2018-12-31T14:50:32Z">
          <reporter-output>
          </reporter-output>
        </test-method> <!-- testMD5 -->
        <test-method status="PASS" signature="afterMethod()[pri:0, instance:com.dhjt.util.MD5UtilTest@26be92ad]" name="afterMethod" is-config="true" duration-ms="0" started-at="2018-12-31T14:50:32Z" finished-at="2018-12-31T14:50:32Z">
          <reporter-output>
          </reporter-output>
        </test-method> <!-- afterMethod -->
      </class> <!-- com.dhjt.util.MD5UtilTest -->
    </test> <!-- Default test -->
  </suite> <!-- Default suite -->
</testng-results>
