<?xml version="1.0" encoding="UTF-8"?>
<testng-results skipped="0" failed="0" ignored="0" total="1" passed="1">
  <reporter-output>
  </reporter-output>
  <suite name="Default suite" duration-ms="302" started-at="2018-10-30T03:14:41Z" finished-at="2018-10-30T03:14:41Z">
    <groups>
    </groups>
    <test name="Default test" duration-ms="302" started-at="2018-10-30T03:14:41Z" finished-at="2018-10-30T03:14:41Z">
      <class name="org.demo.spring.TestSpring">
        <test-method status="PASS" signature="springTestContextBeforeTestClass()[pri:0, instance:org.demo.spring.TestSpring@f79e]" name="springTestContextBeforeTestClass" is-config="true" duration-ms="8" started-at="2018-10-30T03:14:41Z" finished-at="2018-10-30T03:14:41Z">
          <reporter-output>
          </reporter-output>
        </test-method> <!-- springTestContextBeforeTestClass -->
        <test-method status="PASS" signature="springTestContextPrepareTestInstance()[pri:0, instance:org.demo.spring.TestSpring@f79e]" name="springTestContextPrepareTestInstance" is-config="true" duration-ms="269" started-at="2018-10-30T03:14:41Z" depends-on-methods="org.springframework.test.context.testng.AbstractTestNGSpringContextTests.springTestContextBeforeTestClass" finished-at="2018-10-30T03:14:41Z">
          <reporter-output>
          </reporter-output>
        </test-method> <!-- springTestContextPrepareTestInstance -->
        <test-method status="PASS" signature="springTestContextBeforeTestMethod(java.lang.reflect.Method)[pri:0, instance:org.demo.spring.TestSpring@f79e]" name="springTestContextBeforeTestMethod" is-config="true" duration-ms="1" started-at="2018-10-30T03:14:41Z" finished-at="2018-10-30T03:14:41Z">
          <params>
            <param index="0">
              <value>
                <![CDATA[void org.demo.spring.TestSpring.testEmailGenerator()]]>
              </value>
            </param>
          </params>
          <reporter-output>
          </reporter-output>
        </test-method> <!-- springTestContextBeforeTestMethod -->
        <test-method status="PASS" signature="testEmailGenerator()[pri:0, instance:org.demo.spring.TestSpring@f79e]" name="testEmailGenerator" duration-ms="7" started-at="2018-10-30T03:14:41Z" finished-at="2018-10-30T03:14:41Z">
          <reporter-output>
          </reporter-output>
        </test-method> <!-- testEmailGenerator -->
        <test-method status="PASS" signature="springTestContextAfterTestClass()[pri:0, instance:org.demo.spring.TestSpring@f79e]" name="springTestContextAfterTestClass" is-config="true" duration-ms="1" started-at="2018-10-30T03:14:41Z" finished-at="2018-10-30T03:14:41Z">
          <reporter-output>
          </reporter-output>
        </test-method> <!-- springTestContextAfterTestClass -->
        <test-method status="PASS" signature="springTestContextAfterTestMethod(java.lang.reflect.Method)[pri:0, instance:org.demo.spring.TestSpring@f79e]" name="springTestContextAfterTestMethod" is-config="true" duration-ms="0" started-at="2018-10-30T03:14:41Z" finished-at="2018-10-30T03:14:41Z">
          <params>
            <param index="0">
              <value>
                <![CDATA[void org.demo.spring.TestSpring.testEmailGenerator()]]>
              </value>
            </param>
          </params>
          <reporter-output>
          </reporter-output>
        </test-method> <!-- springTestContextAfterTestMethod -->
      </class> <!-- org.demo.spring.TestSpring -->
    </test> <!-- Default test -->
  </suite> <!-- Default suite -->
</testng-results>
